<?xml version="1.0" encoding="UTF-8"?>
<!-- Generated by org.testng.reporters.JUnitReportReporter -->
<testsuite hostname="LAPTOP-18R30RO2" name="testNGpkg.NewTest" tests="1" failures="0" timestamp="20 Oct 2023 06:53:46 GMT" time="14.715" errors="0">
  <testcase name="f" time="14.715" classname="testNGpkg.NewTest"/>
</testsuite> <!-- testNGpkg.NewTest -->
