<?xml version="1.0" encoding="UTF-8"?>
<!-- Generated by org.testng.reporters.JUnitReportReporter -->
<testsuite hostname="LAPTOP-18R30RO2" name="testNGpkg.Demo" tests="3" failures="0" timestamp="19 Oct 2023 05:53:14 GMT" time="0.008" errors="0">
  <testcase name="testCase3" time="0.001" classname="testNGpkg.Demo"/>
  <testcase name="testCase1" time="0.004" classname="testNGpkg.Demo"/>
  <testcase name="testCase2" time="0.003" classname="testNGpkg.Demo"/>
</testsuite> <!-- testNGpkg.Demo -->
