<?xml version="1.0" encoding="UTF-8"?>
<!-- Generated by org.testng.reporters.JUnitReportReporter -->
<testsuite hostname="LAPTOP-18R30RO2" name="testNGpkg.LoginWithTestNG" tests="1" failures="0" timestamp="26 Oct 2023 05:37:47 GMT" time="5.920" errors="0">
  <testcase name="Login" time="5.920" classname="testNGpkg.LoginWithTestNG"/>
</testsuite> <!-- testNGpkg.LoginWithTestNG -->
